Build started 8/21/2014 9:39:08 PM.
     1>Project "D:\research\LAPACKE_examples\LAPACKE_examples\example_ZGESV_rowmajor\example_ZGESV_rowmajor.vcxproj" on node 2 (Rebuild target(s)).
     1>ClCompile:
         C:\Program Files (x86)\Microsoft Visual Studio 10.0\VC\bin\CL.exe /c /ID:\research\LAPACKE_examples\LAPACKE_examples\/include /Zi /nologo /W3 /WX- /O2 /Oi /Oy- /GL /D ADD_ /D HAVE_LAPACK_CONFIG_H /D LAPACK_COMPLEX_STRUCTURE /D WIN32 /D NDEBUG /D _CONSOLE /D _UNICODE /D UNICODE /Gm- /EHsc /MD /GS /Gy /fp:precise /Zc:wchar_t /Zc:forScope /Fo"Release\\" /Fd"Release\vc100.pdb" /Gd /TP /analyze- /errorReport:prompt ..\SVD_examples\lapacke_dgesvd_row.cpp CSSimpleSolver.cpp
         lapacke_dgesvd_row.cpp
         CSSimpleSolver.cpp
     1>CSSimpleSolver.cpp(66): warning C4172: returning address of local variable or temporary
     1>CSSimpleSolver.cpp(100): warning C4172: returning address of local variable or temporary
     1>CSSimpleSolver.cpp(117): warning C4018: '<' : signed/unsigned mismatch
     1>CSSimpleSolver.cpp(118): warning C4018: '<' : signed/unsigned mismatch
       Link:
         C:\Program Files (x86)\Microsoft Visual Studio 10.0\VC\bin\link.exe /ERRORREPORT:PROMPT /OUT:"D:\research\LAPACKE_examples\LAPACKE_examples\Release\cornerSnapping.exe" /INCREMENTAL:NO /NOLOGO /LIBPATH:D:\research\LAPACKE_examples\LAPACKE_examples\/lib liblapacke.lib liblapack.lib libblas.lib kernel32.lib user32.lib gdi32.lib winspool.lib comdlg32.lib advapi32.lib shell32.lib ole32.lib oleaut32.lib uuid.lib odbc32.lib odbccp32.lib kernel32.lib user32.lib gdi32.lib winspool.lib comdlg32.lib advapi32.lib shell32.lib ole32.lib oleaut32.lib uuid.lib odbc32.lib odbccp32.lib /MANIFEST /ManifestFile:"Release\cornerSnapping.exe.intermediate.manifest" /MANIFESTUAC:"level='asInvoker' uiAccess='false'" /DEBUG /PDB:"D:\research\LAPACKE_examples\LAPACKE_examples\Release\cornerSnapping.pdb" /SUBSYSTEM:CONSOLE /OPT:REF /OPT:ICF /LTCG /TLBID:1 /DYNAMICBASE /NXCOMPAT /IMPLIB:"D:\research\LAPACKE_examples\LAPACKE_examples\Release\cornerSnapping.lib" /MACHINE:X86 Release\lapacke_dgesvd_row.obj
         Release\CSSimpleSolver.obj
         Generating code
         Finished generating code
         example_ZGESV_rowmajor.vcxproj -> D:\research\LAPACKE_examples\LAPACKE_examples\Release\cornerSnapping.exe
       Manifest:
         C:\Program Files (x86)\Microsoft SDKs\Windows\v7.0A\bin\mt.exe /nologo /verbose /outputresource:"D:\research\LAPACKE_examples\LAPACKE_examples\Release\cornerSnapping.exe;#1" /manifest Release\cornerSnapping.exe.intermediate.manifest
     1>Done Building Project "D:\research\LAPACKE_examples\LAPACKE_examples\example_ZGESV_rowmajor\example_ZGESV_rowmajor.vcxproj" (Rebuild target(s)).

Build succeeded.

Time Elapsed 00:00:01.06
